-------------------------------------------------------------------------------
Test set: com.example.messagingrabbitmq.MessagingRabbitmqApplicationTest
-------------------------------------------------------------------------------
Tests run: 1, Failures: 0, Errors: 1, Skipped: 0, Time elapsed: 0.067 s <<< FAILURE! - in com.example.messagingrabbitmq.MessagingRabbitmqApplicationTest
test  Time elapsed: 0.018 s  <<< ERROR!
java.lang.Error: 
Unresolved compilation problems: 
	The import org.springframework.boot.test cannot be resolved
	The import org.springframework.boot.test cannot be resolved
	SpringBootTest cannot be resolved to a type
	MockBean cannot be resolved to a type

	at com.example.messagingrabbitmq.MessagingRabbitmqApplicationTest.<init>(MessagingRabbitmqApplicationTest.java:24)

