<?xml version="1.0" encoding="UTF-8"?>
<testsuite xmlns:xsi="http://www.w3.org/2001/XMLSchema-instance" xsi:noNamespaceSchemaLocation="https://maven.apache.org/surefire/maven-surefire-plugin/xsd/surefire-test-report-3.0.xsd" version="3.0" name="com.example.messagingrabbitmq.MessagingRabbitmqApplicationTest" time="0.067" tests="1" errors="1" skipped="0" failures="0">
  <properties>
[...]
</properties>
  <testcase name="test" classname="com.example.messagingrabbitmq.MessagingRabbitmqApplicationTest" time="0.018">
    <error message="Unresolved compilation problems: &#10;	The import org.springframework.boot.test cannot be resolved&#10;	The import org.springframework.boot.test cannot be resolved&#10;	SpringBootTest cannot be resolved to a type&#10;	MockBean cannot be resolved to a type&#10;" type="java.lang.Error"><![CDATA[java.lang.Error: 
Unresolved compilation problems: 
	The import org.springframework.boot.test cannot be resolved
	The import org.springframework.boot.test cannot be resolved
	SpringBootTest cannot be resolved to a type
	MockBean cannot be resolved to a type

	at com.example.messagingrabbitmq.MessagingRabbitmqApplicationTest.<init>(MessagingRabbitmqApplicationTest.java:24)
]]></error>
  </testcase>
</testsuite>